Base path: 'C:/Program Files/Unity/Hub/Editor/2020.3.20f1/Editor/Data', plugins path 'C:/Program Files/Unity/Hub/Editor/2020.3.20f1/Editor/Data/PlaybackEngines'
Cmd: initializeCompiler

<<<<<<< HEAD
Cmd: shutdown
<<<<<<< HEAD
=======
=======
<<<<<<< HEAD
<<<<<<< HEAD
Cmd: shutdown
=======
<<<<<<< HEAD
Cmd: shutdown
=======
<<<<<<< HEAD
=======
<<<<<<< HEAD
=======
<<<<<<< HEAD
Cmd: shutdown
=======
<<<<<<< HEAD
<<<<<<< HEAD
=======
<<<<<<< HEAD
Cmd: shutdown

Quitting shader compiler process
=======
>>>>>>> 9f44c78b038c052070ba07c75d36845e93734c94
>>>>>>> 445aa3936d959fa47c2559a07c373a0d0aa0f6d4
=======
>>>>>>> feature_RabbitMove
>>>>>>> 856efff0bf45152085595fac0c339b76c37224c3
>>>>>>> 4dfdb4cbc69ed99883ac147d65b6c34eb26b1b88
>>>>>>> 38f066ba2b13becf814d420f55c3ee74ac7b0c40
>>>>>>> 561cbf2051ebefadf5a7c9c6ed935e79fba6d607
>>>>>>> 943d72eaebb1f373f496f82c9d25bf997e2f2cb7
=======
>>>>>>> feature_RabbitPoint
>>>>>>> ee116cc954f3e6f138e0b36120530a4fe61e53c2
>>>>>>> 04d85eb121cfdc456843c5c5a0ed254a124eb0ae
=======
>>>>>>> feature_Rabiit
