Base path: 'C:/Program Files/Unity/Hub/Editor/2020.3.20f1/Editor/Data', plugins path 'C:/Program Files/Unity/Hub/Editor/2020.3.20f1/Editor/Data/PlaybackEngines'
Cmd: initializeCompiler

<<<<<<< HEAD
=======
<<<<<<< HEAD
<<<<<<< HEAD
Cmd: shutdown
=======
<<<<<<< HEAD
Cmd: shutdown
=======
<<<<<<< HEAD
=======
<<<<<<< HEAD
=======
<<<<<<< HEAD
=======
<<<<<<< HEAD
<<<<<<< HEAD
=======
<<<<<<< HEAD
Cmd: shutdown

Quitting shader compiler process
=======
<<<<<<< HEAD
=======
<<<<<<< HEAD
Cmd: shutdown
=======
>>>>>>> 9db1106705fed74eec15d7c710ad3b5d8c597430
>>>>>>> 2315ba8bafb7131838438ba7c5f7fff3e9ad484e
>>>>>>> 9f44c78b038c052070ba07c75d36845e93734c94
>>>>>>> 445aa3936d959fa47c2559a07c373a0d0aa0f6d4
=======
>>>>>>> feature_RabbitMove
>>>>>>> 856efff0bf45152085595fac0c339b76c37224c3
>>>>>>> 4dfdb4cbc69ed99883ac147d65b6c34eb26b1b88
>>>>>>> 38f066ba2b13becf814d420f55c3ee74ac7b0c40
>>>>>>> 561cbf2051ebefadf5a7c9c6ed935e79fba6d607
>>>>>>> 943d72eaebb1f373f496f82c9d25bf997e2f2cb7
=======
Cmd: compileSnippet
  insize=11820 file=Packages/com.unity.postprocessing/PostProcessing/Shaders/Builtins/Hidden/PostProcessing/Uber pass=<Unnamed Pass> cachingPP=1 ppOnly=0 stripLineD=0 buildPlatform=19 rsLen=0 pKW=UNITY_ENABLE_REFLECTION_BUFFERS UNITY_USE_DITHER_MASK_FOR_ALPHABLENDED_SHADOWS UNITY_PBS_USE_BRDF1 UNITY_SPECCUBE_BOX_PROJECTION UNITY_SPECCUBE_BLENDING UNITY_ENABLE_DETAIL_NORMALMAP SHADER_API_DESKTOP UNITY_COLORSPACE_GAMMA UNITY_LIGHT_PROBE_PROXY_VOLUME UNITY_LIGHTMAP_FULL_HDR uKW=BLOOM COLOR_GRADING_HDR_3D FINALPASS GRAIN dKW=DISTORT CHROMATIC_ABERRATION CHROMATIC_ABERRATION_LOW BLOOM_LOW VIGNETTE COLOR_GRADING_LDR_2D COLOR_GRADING_HDR_2D STEREO_INSTANCING_ENABLED STEREO_DOUBLEWIDE_TARGET UNITY_NO_DXT5nm UNITY_ENABLE_NATIVE_SHADOW_LOOKUPS UNITY_METAL_SHADOWS_USE_POINT_FILTERING UNITY_NO_SCREENSPACE_SHADOWS UNITY_PBS_USE_BRDF2 UNITY_PBS_USE_BRDF3 UNITY_NO_FULL_STANDARD_SHADER UNITY_HARDWARE_TIER1 UNITY_HARDWARE_TIER2 UNITY_HARDWARE_TIER3 UNITY_HALF_PRECISION_FRAGMENT_SHADER_REGISTERS UNITY_LIGHTMAP_DLDR_ENCODING UNITY_LIGHTMAP_RGBM_ENCODING UNITY_VIRTUAL_TEXTURING UNITY_PRETRANSFORM_TO_DISPLAY_ORIENTATION UNITY_ASTC_NORMALMAP_ENCODING SHADER_API_GLES30 flags=0 lang=3 type=Fragment platform=d3d11 reqs=227 mask=6 start=277 ok=1 outsize=3702

>>>>>>> feature_RabbitPoint
>>>>>>> ee116cc954f3e6f138e0b36120530a4fe61e53c2
